[35m[1mScanning dependencies of target nodeGripTester[0m
[ 50%] [32mBuilding CXX object CMakeFiles/nodeGripTester.dir/src/command_publisher.cpp.o[0m
[01m[K/home/Stage/LAB42_RTX_control/ros_control_ws/src/keyboard_control/src/command_publisher.cpp:[m[K In member function â€˜[01m[Kvoid nodeKeyboardCommand::key_loop()[m[Kâ€™:
[01m[K/home/Stage/LAB42_RTX_control/ros_control_ws/src/keyboard_control/src/command_publisher.cpp:116:34:[m[K [01;31m[Kerror: [m[Kâ€˜[01m[Kclamp[m[Kâ€™ is not a member of â€˜[01m[Kstd[m[Kâ€™
  116 |                 grip_pose = std::[01;31m[Kclamp[m[K(grip_pose, 0.0, 0.1);
      |                                  [01;31m[K^~~~~[m[K
[01m[K/home/Stage/LAB42_RTX_control/ros_control_ws/src/keyboard_control/src/command_publisher.cpp:124:21:[m[K [01;31m[Kerror: [m[Kâ€˜[01m[Kdirt_pose[m[Kâ€™ was not declared in this scope; did you mean â€˜[01m[Kdirty_pose[m[Kâ€™?
  124 |                 if ([01;31m[Kdirt_pose[m[K == true)
      |                     [01;31m[K^~~~~~~~~[m[K
      |                     [32m[Kdirty_pose[m[K
make[2]: *** [CMakeFiles/nodeGripTester.dir/build.make:63: CMakeFiles/nodeGripTester.dir/src/command_publisher.cpp.o] Error 1
make[1]: *** [CMakeFiles/Makefile2:78: CMakeFiles/nodeGripTester.dir/all] Error 2
make: *** [Makefile:141: all] Error 2
