-- Found ament_cmake: 0.9.12 (/opt/ros/foxy/share/ament_cmake/cmake)
-- Using PYTHON_EXECUTABLE: /usr/bin/python3
-- Found rclcpp: 2.4.3 (/opt/ros/foxy/share/rclcpp/cmake)
-- Using all available rosidl_typesupport_c: rosidl_typesupport_fastrtps_c;rosidl_typesupport_introspection_c
-- Found rosidl_adapter: 1.3.1 (/opt/ros/foxy/share/rosidl_adapter/cmake)
-- Using all available rosidl_typesupport_cpp: rosidl_typesupport_fastrtps_cpp;rosidl_typesupport_introspection_cpp
-- Found rmw_implementation_cmake: 1.0.4 (/opt/ros/foxy/share/rmw_implementation_cmake/cmake)
-- Using RMW implementation 'rmw_fastrtps_cpp' as default
-- Found geometry_msgs: 2.0.5 (/opt/ros/foxy/share/geometry_msgs/cmake)
-- Configuring done
-- Generating done
-- Build files have been written to: /home/Stage/LAB42_RTX_control/build/keyboard_control
[35m[1mScanning dependencies of target nodeGripTester[0m
[ 50%] [32mBuilding CXX object CMakeFiles/nodeGripTester.dir/src/keyboard_control.cpp.o[0m
[01m[K/home/Stage/LAB42_RTX_control/ros_control_ws/src/keyboard_control/src/keyboard_control.cpp:[m[K In member function â€˜[01m[Kvoid KeyboardArmControl::run()[m[Kâ€™:
[01m[K/home/Stage/LAB42_RTX_control/ros_control_ws/src/keyboard_control/src/keyboard_control.cpp:30:22:[m[K [01;31m[Kerror: [m[Kâ€˜[01m[Kgetch[m[Kâ€™ was not declared in this scope; did you mean â€˜[01m[Kgetc[m[Kâ€™?
   30 |             char c = [01;31m[Kgetch[m[K();
      |                      [01;31m[K^~~~~[m[K
      |                      [32m[Kgetc[m[K
make[2]: *** [CMakeFiles/nodeGripTester.dir/build.make:63: CMakeFiles/nodeGripTester.dir/src/keyboard_control.cpp.o] Error 1
make[1]: *** [CMakeFiles/Makefile2:78: CMakeFiles/nodeGripTester.dir/all] Error 2
make: *** [Makefile:141: all] Error 2
