[0.011s] Invoking command in '/home/Stage/LAB42_RTX_control/build/keyboard_control': CMAKE_PREFIX_PATH=/opt/ros/foxy /usr/bin/cmake --build /home/Stage/LAB42_RTX_control/build/keyboard_control -- -j8 -l8
[0.045s] -- Found ament_cmake: 0.9.12 (/opt/ros/foxy/share/ament_cmake/cmake)
[0.067s] -- Using PYTHON_EXECUTABLE: /usr/bin/python3
[0.241s] -- Found rclcpp: 2.4.3 (/opt/ros/foxy/share/rclcpp/cmake)
[0.292s] -- Using all available rosidl_typesupport_c: rosidl_typesupport_fastrtps_c;rosidl_typesupport_introspection_c
[0.296s] -- Found rosidl_adapter: 1.3.1 (/opt/ros/foxy/share/rosidl_adapter/cmake)
[0.439s] -- Using all available rosidl_typesupport_cpp: rosidl_typesupport_fastrtps_cpp;rosidl_typesupport_introspection_cpp
[0.487s] -- Found rmw_implementation_cmake: 1.0.4 (/opt/ros/foxy/share/rmw_implementation_cmake/cmake)
[0.489s] -- Using RMW implementation 'rmw_fastrtps_cpp' as default
[0.625s] -- Found geometry_msgs: 2.0.5 (/opt/ros/foxy/share/geometry_msgs/cmake)
[0.717s] -- Configuring done
[0.727s] -- Generating done
[0.730s] -- Build files have been written to: /home/Stage/LAB42_RTX_control/build/keyboard_control
[0.763s] [35m[1mScanning dependencies of target nodeGripTester[0m
[0.793s] [ 50%] [32mBuilding CXX object CMakeFiles/nodeGripTester.dir/src/keyboard_control.cpp.o[0m
[2.056s] [01m[K/home/Stage/LAB42_RTX_control/ros_control_ws/src/keyboard_control/src/keyboard_control.cpp:[m[K In member function â€˜[01m[Kvoid KeyboardArmControl::run()[m[Kâ€™:
[2.056s] [01m[K/home/Stage/LAB42_RTX_control/ros_control_ws/src/keyboard_control/src/keyboard_control.cpp:30:22:[m[K [01;31m[Kerror: [m[Kâ€˜[01m[Kgetch[m[Kâ€™ was not declared in this scope; did you mean â€˜[01m[Kgetc[m[Kâ€™?
[2.056s]    30 |             char c = [01;31m[Kgetch[m[K();
[2.056s]       |                      [01;31m[K^~~~~[m[K
[2.056s]       |                      [32m[Kgetc[m[K
[3.253s] make[2]: *** [CMakeFiles/nodeGripTester.dir/build.make:63: CMakeFiles/nodeGripTester.dir/src/keyboard_control.cpp.o] Error 1
[3.253s] make[1]: *** [CMakeFiles/Makefile2:78: CMakeFiles/nodeGripTester.dir/all] Error 2
[3.253s] make: *** [Makefile:141: all] Error 2
[3.257s] Invoked command in '/home/Stage/LAB42_RTX_control/build/keyboard_control' returned '2': CMAKE_PREFIX_PATH=/opt/ros/foxy /usr/bin/cmake --build /home/Stage/LAB42_RTX_control/build/keyboard_control -- -j8 -l8
