[0.015s] Invoking command in '/home/Stage/LAB42_RTX_control/build/keyboard_control': CMAKE_PREFIX_PATH=${CMAKE_PREFIX_PATH}:/opt/ros/foxy /usr/bin/cmake --build /home/Stage/LAB42_RTX_control/build/keyboard_control -- -j8 -l8
[0.065s] [35m[1mScanning dependencies of target nodeGripTester[0m
[0.090s] [ 50%] Built target nodeKeyboardControl
[0.092s] [ 75%] [32mBuilding CXX object CMakeFiles/nodeGripTester.dir/src/command_publisher.cpp.o[0m
[1.329s] [01m[K/home/Stage/LAB42_RTX_control/ros_control_ws/src/keyboard_control/src/command_publisher.cpp:[m[K In member function â€˜[01m[Kvoid nodeKeyboardCommand::key_loop()[m[Kâ€™:
[1.329s] [01m[K/home/Stage/LAB42_RTX_control/ros_control_ws/src/keyboard_control/src/command_publisher.cpp:184:21:[m[K [01;31m[Kerror: [m[Kâ€˜[01m[Kgrip_message[m[Kâ€™ was not declared in this scope
[1.329s]   184 |                     [01;31m[Kgrip_message[m[K.data = grip_pose;
[1.329s]       |                     [01;31m[K^~~~~~~~~~~~[m[K
[1.331s] [01m[K/home/Stage/LAB42_RTX_control/ros_control_ws/src/keyboard_control/src/command_publisher.cpp:190:21:[m[K [01;31m[Kerror: [m[Kâ€˜[01m[Kpose_message[m[Kâ€™ was not declared in this scope
[1.331s]   190 |                     [01;31m[Kpose_message[m[K.position.x = x_pose;
[1.331s]       |                     [01;31m[K^~~~~~~~~~~~[m[K
[2.378s] make[2]: *** [CMakeFiles/nodeGripTester.dir/build.make:63: CMakeFiles/nodeGripTester.dir/src/command_publisher.cpp.o] Error 1
[2.378s] make[1]: *** [CMakeFiles/Makefile2:107: CMakeFiles/nodeGripTester.dir/all] Error 2
[2.378s] make: *** [Makefile:141: all] Error 2
[2.381s] Invoked command in '/home/Stage/LAB42_RTX_control/build/keyboard_control' returned '2': CMAKE_PREFIX_PATH=${CMAKE_PREFIX_PATH}:/opt/ros/foxy /usr/bin/cmake --build /home/Stage/LAB42_RTX_control/build/keyboard_control -- -j8 -l8
