[35m[1mScanning dependencies of target nodeGripTester[0m
[ 50%] [32mBuilding CXX object CMakeFiles/nodeGripTester.dir/src/command_publisher.cpp.o[0m
[01m[K/home/Stage/LAB42_RTX_control/ros_control_ws/src/keyboard_control/src/command_publisher.cpp:15:10:[m[K [01;31m[Kfatal error: [m[Kgeometry_msgs/msg/Pose.hpp: No such file or directory
   15 | #include [01;31m[K"geometry_msgs/msg/Pose.hpp"[m[K
      |          [01;31m[K^~~~~~~~~~~~~~~~~~~~~~~~~~~~[m[K
compilation terminated.
make[2]: *** [CMakeFiles/nodeGripTester.dir/build.make:63: CMakeFiles/nodeGripTester.dir/src/command_publisher.cpp.o] Error 1
make[1]: *** [CMakeFiles/Makefile2:78: CMakeFiles/nodeGripTester.dir/all] Error 2
make: *** [Makefile:141: all] Error 2
