[0.011s] Invoking command in '/home/Stage/LAB42_RTX_control/build/keyboard_control': CMAKE_PREFIX_PATH=/opt/ros/foxy /usr/bin/cmake --build /home/Stage/LAB42_RTX_control/build/keyboard_control -- -j8 -l8
[0.067s] [35m[1mScanning dependencies of target nodeGripTester[0m
[0.094s] [ 50%] [32mBuilding CXX object CMakeFiles/nodeGripTester.dir/src/command_publisher.cpp.o[0m
[1.321s] [01m[K/home/Stage/LAB42_RTX_control/ros_control_ws/src/keyboard_control/src/command_publisher.cpp:[m[K In member function â€˜[01m[Kvoid nodeKeyboardCommand::key_loop()[m[Kâ€™:
[1.321s] [01m[K/home/Stage/LAB42_RTX_control/ros_control_ws/src/keyboard_control/src/command_publisher.cpp:184:21:[m[K [01;31m[Kerror: [m[Kâ€˜[01m[Kgrip_message[m[Kâ€™ was not declared in this scope
[1.322s]   184 |                     [01;31m[Kgrip_message[m[K.data = grip_pose;
[1.322s]       |                     [01;31m[K^~~~~~~~~~~~[m[K
[1.324s] [01m[K/home/Stage/LAB42_RTX_control/ros_control_ws/src/keyboard_control/src/command_publisher.cpp:190:21:[m[K [01;31m[Kerror: [m[Kâ€˜[01m[Kpose_message[m[Kâ€™ was not declared in this scope
[1.324s]   190 |                     [01;31m[Kpose_message[m[K.position.x = x_pose;
[1.324s]       |                     [01;31m[K^~~~~~~~~~~~[m[K
[1.345s] [01m[K/home/Stage/LAB42_RTX_control/ros_control_ws/src/keyboard_control/src/command_publisher.cpp:[m[K In lambda function:
[1.345s] [01m[K/home/Stage/LAB42_RTX_control/ros_control_ws/src/keyboard_control/src/command_publisher.cpp:303:36:[m[K [01;31m[Kerror: [m[Kâ€˜[01m[Kkeyboard_node[m[Kâ€™ was not declared in this scope; did you mean â€˜[01m[Kkeyboard_control[m[Kâ€™?
[1.345s]   303 |     std::thread key_thread([&]() { [01;31m[Kkeyboard_node[m[K->key_loop(); });
[1.345s]       |                                    [01;31m[K^~~~~~~~~~~~~[m[K
[1.345s]       |                                    [32m[Kkeyboard_control[m[K
[1.347s] [01m[K/home/Stage/LAB42_RTX_control/ros_control_ws/src/keyboard_control/src/command_publisher.cpp:[m[K In function â€˜[01m[Kint main(int, char**)[m[Kâ€™:
[1.347s] [01m[K/home/Stage/LAB42_RTX_control/ros_control_ws/src/keyboard_control/src/command_publisher.cpp:305:18:[m[K [01;31m[Kerror: [m[Kâ€˜[01m[Kkeyboard_node[m[Kâ€™ was not declared in this scope; did you mean â€˜[01m[Kkeyboard_control[m[Kâ€™?
[1.347s]   305 |     rclcpp::spin([01;31m[Kkeyboard_node[m[K);
[1.347s]       |                  [01;31m[K^~~~~~~~~~~~~[m[K
[1.347s]       |                  [32m[Kkeyboard_control[m[K
[2.351s] make[2]: *** [CMakeFiles/nodeGripTester.dir/build.make:63: CMakeFiles/nodeGripTester.dir/src/command_publisher.cpp.o] Error 1
[2.351s] make[1]: *** [CMakeFiles/Makefile2:78: CMakeFiles/nodeGripTester.dir/all] Error 2
[2.351s] make: *** [Makefile:141: all] Error 2
[2.354s] Invoked command in '/home/Stage/LAB42_RTX_control/build/keyboard_control' returned '2': CMAKE_PREFIX_PATH=/opt/ros/foxy /usr/bin/cmake --build /home/Stage/LAB42_RTX_control/build/keyboard_control -- -j8 -l8
