[0.014s] Invoking command in '/home/Stage/LAB42_RTX_control/ros_control_ws/build/keyboard_control': CMAKE_PREFIX_PATH=${CMAKE_PREFIX_PATH}:/opt/ros/foxy /usr/bin/cmake --build /home/Stage/LAB42_RTX_control/ros_control_ws/build/keyboard_control -- -j8 -l8
[0.065s] [35m[1mScanning dependencies of target nodeGripTester[0m
[0.094s] [ 50%] [32mBuilding CXX object CMakeFiles/nodeGripTester.dir/src/command_publisher.cpp.o[0m
[1.262s] [01m[K/home/Stage/LAB42_RTX_control/ros_control_ws/src/keyboard_control/src/command_publisher.cpp:[m[K In constructor â€˜[01m[KnodeKeyboardCommand::nodeKeyboardCommand()[m[Kâ€™:
[1.262s] [01m[K/home/Stage/LAB42_RTX_control/ros_control_ws/src/keyboard_control/src/command_publisher.cpp:28:13:[m[K [01;31m[Kerror: [m[Kâ€˜[01m[KposePublisherObject[m[Kâ€™ was not declared in this scope; did you mean â€˜[01m[KposePublisherObejct[m[Kâ€™?
[1.262s]    28 |             [01;31m[KposePublisherObject[m[K = this->create_publisher<geometry_msgs::msg::Pose>("target_pose",5);
[1.262s]       |             [01;31m[K^~~~~~~~~~~~~~~~~~~[m[K
[1.262s]       |             [32m[KposePublisherObejct[m[K
[1.263s] [01m[K/home/Stage/LAB42_RTX_control/ros_control_ws/src/keyboard_control/src/command_publisher.cpp:[m[K In member function â€˜[01m[Kvoid nodeKeyboardCommand::key_loop()[m[Kâ€™:
[1.263s] [01m[K/home/Stage/LAB42_RTX_control/ros_control_ws/src/keyboard_control/src/command_publisher.cpp:116:34:[m[K [01;31m[Kerror: [m[Kâ€˜[01m[Kclamp[m[Kâ€™ is not a member of â€˜[01m[Kstd[m[Kâ€™
[1.263s]   116 |                 grip_pose = std::[01;31m[Kclamp[m[K(grip_pose, 0.0, 0.1);
[1.263s]       |                                  [01;31m[K^~~~~[m[K
[1.271s] [01m[K/home/Stage/LAB42_RTX_control/ros_control_ws/src/keyboard_control/src/command_publisher.cpp:124:21:[m[K [01;31m[Kerror: [m[Kâ€˜[01m[Kdirt_pose[m[Kâ€™ was not declared in this scope; did you mean â€˜[01m[Kdirty_pose[m[Kâ€™?
[1.271s]   124 |                 if ([01;31m[Kdirt_pose[m[K == true)
[1.271s]       |                     [01;31m[K^~~~~~~~~[m[K
[1.271s]       |                     [32m[Kdirty_pose[m[K
[1.271s] [01m[K/home/Stage/LAB42_RTX_control/ros_control_ws/src/keyboard_control/src/command_publisher.cpp:126:34:[m[K [01;31m[Kerror: [m[Kâ€˜[01m[Kstruct geometry_msgs::msg::Pose_<std::allocator<void> >[m[Kâ€™ has no member named â€˜[01m[Kx[m[Kâ€™
[1.271s]   126 |                     pose_message.[01;31m[Kx[m[K = x_pose;
[1.271s]       |                                  [01;31m[K^[m[K
[1.271s] [01m[K/home/Stage/LAB42_RTX_control/ros_control_ws/src/keyboard_control/src/command_publisher.cpp:127:34:[m[K [01;31m[Kerror: [m[Kâ€˜[01m[Kstruct geometry_msgs::msg::Pose_<std::allocator<void> >[m[Kâ€™ has no member named â€˜[01m[Kx[m[Kâ€™
[1.271s]   127 |                     pose_message.[01;31m[Kx[m[K = y_pose;
[1.271s]       |                                  [01;31m[K^[m[K
[1.271s] [01m[K/home/Stage/LAB42_RTX_control/ros_control_ws/src/keyboard_control/src/command_publisher.cpp:128:34:[m[K [01;31m[Kerror: [m[Kâ€˜[01m[Kstruct geometry_msgs::msg::Pose_<std::allocator<void> >[m[Kâ€™ has no member named â€˜[01m[Kz[m[Kâ€™
[1.272s]   128 |                     pose_message.[01;31m[Kz[m[K = z_pose;
[1.272s]       |                                  [01;31m[K^[m[K
[1.272s] [01m[K/home/Stage/LAB42_RTX_control/ros_control_ws/src/keyboard_control/src/command_publisher.cpp:129:21:[m[K [01;31m[Kerror: [m[Kâ€˜[01m[KposePublisherObject[m[Kâ€™ was not declared in this scope; did you mean â€˜[01m[KposePublisherObejct[m[Kâ€™?
[1.272s]   129 |                     [01;31m[KposePublisherObject[m[K->publish(pose_message);
[1.272s]       |                     [01;31m[K^~~~~~~~~~~~~~~~~~~[m[K
[1.272s]       |                     [32m[KposePublisherObejct[m[K
[2.181s] make[2]: *** [CMakeFiles/nodeGripTester.dir/build.make:63: CMakeFiles/nodeGripTester.dir/src/command_publisher.cpp.o] Error 1
[2.181s] make[1]: *** [CMakeFiles/Makefile2:78: CMakeFiles/nodeGripTester.dir/all] Error 2
[2.181s] make: *** [Makefile:141: all] Error 2
[2.184s] Invoked command in '/home/Stage/LAB42_RTX_control/ros_control_ws/build/keyboard_control' returned '2': CMAKE_PREFIX_PATH=${CMAKE_PREFIX_PATH}:/opt/ros/foxy /usr/bin/cmake --build /home/Stage/LAB42_RTX_control/ros_control_ws/build/keyboard_control -- -j8 -l8
